<?xml version="1.0" encoding="UTF-8"?>
<!-- Generated by org.testng.reporters.JUnitXMLReporter -->
<testsuite ignored="0" hostname="LAPTOP-2GF41894" failures="0" tests="10" name="Surefire test" time="23.375" errors="0" timestamp="2023-04-20T13:59:01 IST">
  <testcase classname="api.test.DataDrivenTests" name="testPostUsers" time="4.297"/>
  <testcase classname="api.test.DataDrivenTests" name="testPostUsers" time="1.308"/>
  <testcase classname="api.test.DataDrivenTests" name="testPostUsers" time="1.328"/>
  <testcase classname="api.test.DataDrivenTests" name="testDeleteUserByName" time="1.759"/>
  <testcase classname="api.test.DataDrivenTests" name="testDeleteUserByName" time="1.337"/>
  <testcase classname="api.test.DataDrivenTests" name="testDeleteUserByName" time="1.287"/>
  <testcase classname="api.test.UserTests" name="testPostUser" time="1.922"/>
  <testcase classname="api.test.UserTests" name="testGetUserByName" time="1.794"/>
  <testcase classname="api.test.UserTests" name="updateUserByName" time="2.274"/>
  <testcase classname="api.test.UserTests" name="testDeleteUserByName" time="1.37"/>
</testsuite> <!-- Surefire test -->
