<?xml version="1.0" encoding="UTF-8"?>
<!-- Generated by org.testng.reporters.JUnitXMLReporter -->
<testsuite ignored="0" hostname="LAPTOP-2GF41894" failures="0" tests="6" name="Default test" time="11.546" errors="0" timestamp="2023-04-14T13:57:47 IST">
  <testcase classname="api.test.DataDrivenTests" name="testPostUsers" time="3.073"/>
  <testcase classname="api.test.DataDrivenTests" name="testPostUsers" time="1.317"/>
  <testcase classname="api.test.DataDrivenTests" name="testPostUsers" time="1.372"/>
  <testcase classname="api.test.DataDrivenTests" name="testDeleteUserByName" time="1.359"/>
  <testcase classname="api.test.DataDrivenTests" name="testDeleteUserByName" time="1.308"/>
  <testcase classname="api.test.DataDrivenTests" name="testDeleteUserByName" time="1.326"/>
</testsuite> <!-- Default test -->
