<?xml version="1.0" encoding="UTF-8"?>
<testsuite xmlns:xsi="http://www.w3.org/2001/XMLSchema-instance" xsi:noNamespaceSchemaLocation="https://maven.apache.org/surefire/maven-surefire-plugin/xsd/surefire-test-report-3.0.xsd" version="3.0" name="TestSuite" time="24.234" tests="10" errors="0" skipped="0" failures="0">
  <properties>
[...]
</properties>
  <testcase name="testPostUsers[1010, testuser1, Keneddy, Lobo, test@hotmail.com, test@1, 11111111](1)" classname="api.test.DataDrivenTests" time="4.301">
    <system-out><![CDATA[Excel sheet data= 1010
Excel sheet data= testuser1
Excel sheet data= Keneddy
Excel sheet data= Lobo
Excel sheet data= test@hotmail.com
Excel sheet data= test@1
Excel sheet data= 11111111
Excel sheet data= 1020
Excel sheet data= testuser2
Excel sheet data= Kim
Excel sheet data= Sharma
Excel sheet data= sharma@gmail.com
Excel sheet data= test@1
Excel sheet data= 2222222
Excel sheet data= 1030
Excel sheet data= testuser3
Excel sheet data= Adam
Excel sheet data= Eve
Excel sheet data= honey.bunny@gmail.com
Excel sheet data= test@1
Excel sheet data= 3333333
]]></system-out>
    <system-err><![CDATA[SLF4J: Failed to load class "org.slf4j.impl.StaticLoggerBinder".
SLF4J: Defaulting to no-operation (NOP) logger implementation
SLF4J: See http://www.slf4j.org/codes.html#StaticLoggerBinder for further details.
]]></system-err>
  </testcase>
  <testcase name="testPostUsers[1020, testuser2, Kim, Sharma, sharma@gmail.com, test@1, 2222222](2)" classname="api.test.DataDrivenTests" time="1.299"/>
  <testcase name="testPostUsers[1030, testuser3, Adam, Eve, honey.bunny@gmail.com, test@1, 3333333](3)" classname="api.test.DataDrivenTests" time="1.326"/>
  <testcase name="testDeleteUserByName[testuser1](1)" classname="api.test.DataDrivenTests" time="1.735">
    <system-out><![CDATA[For deletion= testuser1
For deletion= testuser2
For deletion= testuser3
]]></system-out>
  </testcase>
  <testcase name="testDeleteUserByName[testuser2](2)" classname="api.test.DataDrivenTests" time="1.335"/>
  <testcase name="testDeleteUserByName[testuser3](3)" classname="api.test.DataDrivenTests" time="1.287"/>
  <testcase name="testPostUser" classname="api.test.UserTests" time="1.925">
    <system-out><![CDATA[[INFO ] 2023-04-20 13:58:53.922 [main] UserTests - ***** creating user ******
HTTP/1.1 200 OK
Date: Thu, 20 Apr 2023 08:28:56 GMT
Content-Type: application/json
Transfer-Encoding: chunked
Connection: keep-alive
Access-Control-Allow-Origin: *
Access-Control-Allow-Methods: GET, POST, DELETE, PUT
Access-Control-Allow-Headers: Content-Type, api_key, Authorization
Server: Jetty(9.2.9.v20150224)

{
    "code": 200,
    "type": "unknown",
    "message": "1842482889"
}
[INFO ] 2023-04-20 13:58:55.839 [main] UserTests - ***** user is created ******
]]></system-out>
  </testcase>
  <testcase name="testGetUserByName" classname="api.test.UserTests" time="1.795">
    <system-out><![CDATA[[INFO ] 2023-04-20 13:58:55.842 [main] UserTests - ***** reading user info ******
HTTP/1.1 200 OK
Date: Thu, 20 Apr 2023 08:28:58 GMT
Content-Type: application/json
Transfer-Encoding: chunked
Connection: keep-alive
Access-Control-Allow-Origin: *
Access-Control-Allow-Methods: GET, POST, DELETE, PUT
Access-Control-Allow-Headers: Content-Type, api_key, Authorization
Server: Jetty(9.2.9.v20150224)

{
    "id": 1842482889,
    "username": "andy.rodriguez",
    "firstName": "Andree",
    "lastName": "Howe",
    "email": "angelica.white@yahoo.com",
    "password": "j6wiw2venjx7h",
    "phone": "(049) 288-5279",
    "userStatus": 0
}
[INFO ] 2023-04-20 13:58:57.633 [main] UserTests - ***** user info displayed ******
]]></system-out>
  </testcase>
  <testcase name="updateUserByName" classname="api.test.UserTests" time="2.276">
    <system-out><![CDATA[[INFO ] 2023-04-20 13:58:57.637 [main] UserTests - ***** updating user ******
{
    "code": 200,
    "type": "unknown",
    "message": "1842482889"
}
[INFO ] 2023-04-20 13:58:59.911 [main] UserTests - ***** user is updated ******
]]></system-out>
  </testcase>
  <testcase name="testDeleteUserByName" classname="api.test.UserTests" time="1.37">
    <system-out><![CDATA[[INFO ] 2023-04-20 13:58:59.913 [main] UserTests - ***** deleting user ******
[INFO ] 2023-04-20 13:59:01.283 [main] UserTests - ***** user is deleted ******
]]></system-out>
  </testcase>
</testsuite>