<?xml version="1.0" encoding="UTF-8"?>
<testng-results ignored="0" total="4" passed="4" failed="0" skipped="0">
  <reporter-output>
  </reporter-output>
  <suite started-at="2023-04-19T08:38:07 IST" name="PetSuite" finished-at="2023-04-19T08:38:17 IST" duration-ms="10002">
    <groups>
    </groups>
    <test started-at="2023-04-19T08:38:07 IST" name="Test" finished-at="2023-04-19T08:38:17 IST" duration-ms="10002">
      <class name="api.test.UserTests">
        <test-method is-config="true" signature="setup()[pri:0, instance:api.test.UserTests@d9345cd]" started-at="2023-04-19T08:38:07 IST" name="setup" finished-at="2023-04-19T08:38:08 IST" duration-ms="737" status="PASS">
          <reporter-output>
          </reporter-output>
        </test-method> <!-- setup -->
        <test-method signature="testPostUser()[pri:1, instance:api.test.UserTests@d9345cd]" started-at="2023-04-19T08:38:08 IST" name="testPostUser" finished-at="2023-04-19T08:38:11 IST" duration-ms="3429" status="PASS">
          <reporter-output>
          </reporter-output>
        </test-method> <!-- testPostUser -->
        <test-method signature="testGetUserByName()[pri:2, instance:api.test.UserTests@d9345cd]" started-at="2023-04-19T08:38:11 IST" name="testGetUserByName" finished-at="2023-04-19T08:38:13 IST" duration-ms="1340" status="PASS">
          <reporter-output>
          </reporter-output>
        </test-method> <!-- testGetUserByName -->
        <test-method signature="updateUserByName()[pri:3, instance:api.test.UserTests@d9345cd]" started-at="2023-04-19T08:38:13 IST" name="updateUserByName" finished-at="2023-04-19T08:38:15 IST" duration-ms="2654" status="PASS">
          <reporter-output>
          </reporter-output>
        </test-method> <!-- updateUserByName -->
        <test-method signature="testDeleteUserByName()[pri:4, instance:api.test.UserTests@d9345cd]" started-at="2023-04-19T08:38:15 IST" name="testDeleteUserByName" finished-at="2023-04-19T08:38:17 IST" duration-ms="1362" status="PASS">
          <reporter-output>
          </reporter-output>
        </test-method> <!-- testDeleteUserByName -->
      </class> <!-- api.test.UserTests -->
    </test> <!-- Test -->
  </suite> <!-- PetSuite -->
</testng-results>
