<?xml version="1.0" encoding="UTF-8"?>
<!-- Generated by org.testng.reporters.JUnitXMLReporter -->
<testsuite ignored="0" hostname="LAPTOP-2GF41894" failures="0" tests="4" name="Test" time="10.002" errors="0" timestamp="2023-04-19T08:38:17 IST">
  <testcase classname="api.test.UserTests" name="testPostUser" time="3.429"/>
  <testcase classname="api.test.UserTests" name="testGetUserByName" time="1.34"/>
  <testcase classname="api.test.UserTests" name="updateUserByName" time="2.654"/>
  <testcase classname="api.test.UserTests" name="testDeleteUserByName" time="1.362"/>
</testsuite> <!-- Test -->
